[2026-Feb-17 13:48:08.437 +05:30][22284:22284][info ] Logging initialized
[2026-Feb-17 13:48:34.039 +05:30][22284:22305][info ] Long Queue Time for store 'Utils'. Task 'SetObservedGamesCallback2' executed for 152.000022ms
[2026-Feb-17 13:48:34.047 +05:30][22284:22305][info ] Long Queue Time for store 'Utils'. Task 'SetGameCandidateOverrides' queued for 134.888936ms
[2026-Feb-17 13:48:34.047 +05:30][22284:22305][info ] Long Queue Time for store 'Utils'. Task 'SetGameDetectionCallback' queued for 132.77538ms
[2026-Feb-17 13:48:34.047 +05:30][22284:22305][info ] Long Queue Time for store 'Utils'. Task 'SetGameDetectionErrorCallback' queued for 130.578382ms
[2026-Feb-17 13:50:04.332 +05:30][26408:26408][info ] Logging initialized
[2026-Feb-17 13:50:12.789 +05:30][26408:26431][info ] Long Queue Time for store 'Utils'. Task 'SetObservedGamesCallback2' executed for 50.905251ms
[2026-Feb-17 14:02:56.664 +05:30][28807:28807][info ] Logging initialized
[2026-Feb-17 15:10:46.482 +05:30][34788:34788][info ] Logging initialized
[2026-Feb-17 15:10:53.619 +05:30][34788:34812][info ] Long Queue Time for store 'Utils'. Task 'SetObservedGamesCallback2' executed for 55.861901ms
[2026-Feb-17 15:23:35.707 +05:30][42875:42875][info ] Logging initialized
[2026-Feb-17 15:23:42.226 +05:30][42875:42899][info ] Long Queue Time for store 'Utils'. Task 'SetObservedGamesCallback2' executed for 50.203828ms
[2026-Feb-17 15:43:33.956 +05:30][50858:50858][info ] Logging initialized
[2026-Feb-17 15:43:40.509 +05:30][50858:50884][info ] Long Queue Time for store 'Utils'. Task 'SetObservedGamesCallback2' executed for 57.074371ms
[2026-Feb-17 17:51:57.807 +05:30][17946:17946][info ] Logging initialized
[2026-Feb-17 18:44:55.833 +05:30][31792:31792][info ] Logging initialized
[2026-Feb-17 18:45:04.253 +05:30][31792:31820][info ] Long Queue Time for store 'Utils'. Task 'SetObservedGamesCallback2' executed for 54.754669ms
[2026-Feb-17 20:29:39.551 +05:30][ 1386: 1386][info ] Logging initialized
[2026-Feb-18 06:55:53.719 +05:30][ 3242: 3242][info ] Logging initialized
[2026-Feb-18 07:45:11.054 +05:30][ 3242: 3267][info ] Long Queue Time for store 'Utils'. Task 'SetObservedGamesCallback2' executed for 64.480399ms
[2026-Feb-20 19:22:55.331 +05:30][ 2730: 2730][info ] Logging initialized
