[2026-02-05 13:16:28.743] [info]  (AppController)    AppController initialized
[2026-02-05 13:16:28.750] [info]  (AppController)    Initializing app event handlers in AppController
[2026-02-05 13:16:28.750] [info]  (TabManager)       TabManager initialized
[2026-02-05 13:16:28.751] [info]  (AppController)    TabManager initialized
[2026-02-05 13:16:28.915] [info]  (AppController)    Electron app is ready via AppController
[2026-02-05 13:16:28.916] [info]  (AppController)    AppController: creating new window with id: 006c7e66-fbf7-4155-bcc1-ced00872f44b {}
[2026-02-05 13:16:28.917] [info]  (WindowController) WindowController initialized for windowId: 006c7e66-fbf7-4155-bcc1-ced00872f44b
[2026-02-05 13:16:28.917] [info]  (WindowController) Initializing window: 006c7e66-fbf7-4155-bcc1-ced00872f44b
[2026-02-05 13:16:29.042] [info]  (WindowController) BrowserWindow created for 006c7e66-fbf7-4155-bcc1-ced00872f44b
[2026-02-05 13:16:29.048] [info]  (WindowController) [SpellCheck] Setting spell checker languages: ["en-US"]
[2026-02-05 13:16:29.048] [info]  (WindowController) [SpellCheck] setSpellCheckerLanguages result: undefined
[2026-02-05 13:16:29.048] [info]  (WindowController) Creating tab bar for window 006c7e66-fbf7-4155-bcc1-ced00872f44b
[2026-02-05 13:16:29.070] [debug] (WindowController) Updating view bounds for window 006c7e66-fbf7-4155-bcc1-ced00872f44b: {
  bounds: { x: 40, y: 0, width: 1200, height: 800 },
  isMaximized: false,
  width: 1200,
  height: 800
}
[2026-02-05 13:16:29.072] [info]  (WindowController) Creating initial tab for window 006c7e66-fbf7-4155-bcc1-ced00872f44b
[2026-02-05 13:16:29.073] [info]  (TabManager)       Creating tab 055480c0-09ef-4cea-9466-4af35c4f0655 in window 006c7e66-fbf7-4155-bcc1-ced00872f44b
[2026-02-05 13:16:29.082] [info]  (TabController)    TabController initialized for tab: 055480c0-09ef-4cea-9466-4af35c4f0655 in window: 006c7e66-fbf7-4155-bcc1-ced00872f44b
[2026-02-05 13:16:29.082] [info]  (TabController)    Initializing tab: 055480c0-09ef-4cea-9466-4af35c4f0655
[2026-02-05 13:16:29.084] [debug] (TabController)    Tab 055480c0-09ef-4cea-9466-4af35c4f0655: Spell checker languages set to en-US
[2026-02-05 13:16:29.085] [debug] (TabController)    Tab 055480c0-09ef-4cea-9466-4af35c4f0655: Spell checker enabled: true
[2026-02-05 13:16:29.085] [debug] (TabController)    WebContentsView created for tab: 055480c0-09ef-4cea-9466-4af35c4f0655
[2026-02-05 13:16:29.086] [debug] (TabController)    Event listeners set up for tab: 055480c0-09ef-4cea-9466-4af35c4f0655
[2026-02-05 13:16:29.087] [info]  (TabController)    Tab 055480c0-09ef-4cea-9466-4af35c4f0655: Loading URL https://www.notion.so
[2026-02-05 13:16:29.089] [debug] (TabController)    Tab 055480c0-09ef-4cea-9466-4af35c4f0655: Page loading...
[2026-02-05 13:16:29.103] [info]  (TabManager)       Tab 055480c0-09ef-4cea-9466-4af35c4f0655 created successfully. Total tabs: 1
[2026-02-05 13:16:29.103] [info]  (WindowController) Setting active tab 055480c0-09ef-4cea-9466-4af35c4f0655 for window 006c7e66-fbf7-4155-bcc1-ced00872f44b
[2026-02-05 13:16:29.104] [debug] (WindowController) Updating view bounds for window 006c7e66-fbf7-4155-bcc1-ced00872f44b: {
  bounds: { x: 40, y: 0, width: 1200, height: 800 },
  isMaximized: false,
  width: 1200,
  height: 800
}
[2026-02-05 13:16:29.105] [debug] (WindowController) Set tab content bounds: { x: 0, y: 32, width: 1200, height: 768 }
[2026-02-05 13:16:29.105] [debug] (TabController)    Tab 055480c0-09ef-4cea-9466-4af35c4f0655: Now visible
[2026-02-05 13:16:29.111] [info]  (WindowController) Showing window: 006c7e66-fbf7-4155-bcc1-ced00872f44b
[2026-02-05 13:16:29.112] [info]  (WindowController) Focusing window: 006c7e66-fbf7-4155-bcc1-ced00872f44b
[2026-02-05 13:16:29.113] [info]  (AppController)    WindowController for 006c7e66-fbf7-4155-bcc1-ced00872f44b created and initialized. Total windows: 1
[2026-02-05 13:16:29.117] [debug] (WindowController) Window 006c7e66-fbf7-4155-bcc1-ced00872f44b moved { x: 0, y: 0, width: 625, height: 780 }
[2026-02-05 13:16:29.121] [debug] (WindowController) Window 006c7e66-fbf7-4155-bcc1-ced00872f44b resized { x: 0, y: 0, width: 625, height: 780 }
[2026-02-05 13:16:29.123] [debug] (WindowController) Updating view bounds for window 006c7e66-fbf7-4155-bcc1-ced00872f44b: {
  bounds: { x: 0, y: 0, width: 625, height: 780 },
  isMaximized: false,
  width: 625,
  height: 780
}
[2026-02-05 13:16:29.123] [debug] (WindowController) Set tab content bounds: { x: 0, y: 32, width: 625, height: 748 }
[2026-02-05 13:16:29.257] [debug] (WindowController) Window 006c7e66-fbf7-4155-bcc1-ced00872f44b focused
[2026-02-05 13:16:29.710] [debug] (TabController)    Tab 055480c0-09ef-4cea-9466-4af35c4f0655: Navigated to https://www.notion.so/
[2026-02-05 13:16:29.743] [debug] (TabController)    Tab 055480c0-09ef-4cea-9466-4af35c4f0655: Title updated to "Notion"
[2026-02-05 13:16:30.538] [debug] (TabController)    Tab 055480c0-09ef-4cea-9466-4af35c4f0655: Page loaded
[2026-02-05 13:16:30.543] [debug] (TabController)    Tab 055480c0-09ef-4cea-9466-4af35c4f0655: Favicon updated
[2026-02-05 13:16:30.725] [debug] (TabController)    Tab 055480c0-09ef-4cea-9466-4af35c4f0655: Page loading...
[2026-02-05 13:16:30.730] [debug] (TabController)    Tab 055480c0-09ef-4cea-9466-4af35c4f0655: Favicon updated
[2026-02-05 13:16:30.746] [debug] (TabController)    Tab 055480c0-09ef-4cea-9466-4af35c4f0655: Page loading...
[2026-02-05 13:16:31.146] [debug] (TabController)    Tab 055480c0-09ef-4cea-9466-4af35c4f0655: Title updated to "Notion - Log in"
[2026-02-05 13:16:32.814] [debug] (WindowController) Window 006c7e66-fbf7-4155-bcc1-ced00872f44b lost focus
[2026-02-05 13:16:55.145] [debug] (WindowController) Window 006c7e66-fbf7-4155-bcc1-ced00872f44b focused
[2026-02-05 13:16:55.957] [info]  (WindowController) Window 006c7e66-fbf7-4155-bcc1-ced00872f44b closed
[2026-02-05 13:16:55.959] [info]  (AppController)    AppController handling closed window: 006c7e66-fbf7-4155-bcc1-ced00872f44b
[2026-02-05 13:16:55.959] [info]  (AppController)    WindowController for 006c7e66-fbf7-4155-bcc1-ced00872f44b removed. Remaining windows: 0
[2026-02-05 13:16:55.959] [info]  (AppController)    Last window closed on non-darwin platform, quitting application.
[2026-02-05 13:16:55.959] [info]  (AppController)    App before-quit event triggered in AppController
