2026-02-11 10:07:24 Loaded main app package /usr/lib/obsidian/obsidian.asar
2026-02-11 10:07:25 Checking for update using Github
2026-02-11 10:07:25 Success.
2026-02-11 10:07:25 Latest version is 1.11.7
2026-02-11 10:07:25 App is up to date.
2026-02-11 10:07:25 Loaded main app package /usr/lib/obsidian/obsidian.asar
2026-02-11 10:07:26 Checking for update using Github
2026-02-11 10:07:26 Loaded main app package /usr/lib/obsidian/obsidian.asar
2026-02-11 10:07:26 Checking for update using Github
2026-02-11 10:07:26 Loaded main app package /usr/lib/obsidian/obsidian.asar
2026-02-11 10:07:26 Loaded main app package /usr/lib/obsidian/obsidian.asar
2026-02-11 10:07:26 Checking for update using Github
2026-02-11 10:07:26 Checking for update using Github
2026-02-13 16:06:54 Loaded main app package /usr/lib/obsidian/obsidian.asar
2026-02-13 16:06:54 Checking for update using Github
2026-02-13 16:06:54 Loaded main app package /usr/lib/obsidian/obsidian.asar
2026-02-13 16:06:55 Checking for update using Github
2026-02-13 16:06:55 Success.
2026-02-13 16:06:55 Latest version is 1.11.7
2026-02-13 16:06:55 App is up to date.
2026-02-13 16:06:55 Loaded main app package /usr/lib/obsidian/obsidian.asar
2026-02-13 16:06:55 Checking for update using Github
2026-02-13 16:06:56 Loaded main app package /usr/lib/obsidian/obsidian.asar
2026-02-13 16:06:56 Checking for update using Github
2026-02-13 16:06:56 Loaded main app package /usr/lib/obsidian/obsidian.asar
2026-02-13 16:06:57 Checking for update using Github
2026-02-13 16:06:57 Loaded main app package /usr/lib/obsidian/obsidian.asar
2026-02-13 16:06:57 Checking for update using Github
2026-02-13 16:06:57 Loaded main app package /usr/lib/obsidian/obsidian.asar
2026-02-13 16:06:57 Checking for update using Github
2026-02-15 05:20:49 Loaded main app package /usr/lib/obsidian/obsidian.asar
2026-02-15 05:20:49 Checking for update using Github
2026-02-15 05:20:49 Success.
2026-02-15 05:20:49 Latest version is 1.11.7
2026-02-15 05:20:49 App is up to date.
2026-02-15 08:33:25 Loaded main app package /usr/lib/obsidian/obsidian.asar
2026-02-15 08:33:25 Checking for update using Github
2026-02-15 08:33:26 Success.
2026-02-15 08:33:26 Latest version is 1.11.7
2026-02-15 08:33:26 App is up to date.
